[[1;34mINFO[m] Scanning for projects...
[[1;34mINFO[m] 
[[1;34mINFO[m] [1m--------------------< [0;36mcom.lunaris:lunaris-ansenuza[0;1m >--------------------[m
[[1;34mINFO[m] [1mBuilding  0.0.1-SNAPSHOT[m
[[1;34mINFO[m] [1m--------------------------------[ jar ]---------------------------------[m
[[1;34mINFO[m] 
[[1;34mINFO[m] [1m--- [0;32mmaven-clean-plugin:3.4.1:clean[m [1m(default-clean)[m @ [36mlunaris-ansenuza[0;1m ---[m
[[1;34mINFO[m] Deleting /home/ignacio/Documentos/lunaris-ansenuza/target
[[1;34mINFO[m] 
[[1;34mINFO[m] [1m--- [0;32mmaven-resources-plugin:3.3.1:resources[m [1m(default-resources)[m @ [36mlunaris-ansenuza[0;1m ---[m
[[1;34mINFO[m] Copying 1 resource from src/main/resources to target/classes
[[1;34mINFO[m] Copying 11 resources from src/main/resources to target/classes
[[1;34mINFO[m] 
[[1;34mINFO[m] [1m--- [0;32mmaven-compiler-plugin:3.14.1:compile[m [1m(default-compile)[m @ [36mlunaris-ansenuza[0;1m ---[m
[[1;34mINFO[m] Recompiling the module because of [1mchanged source code[m.
[[1;34mINFO[m] Compiling 36 source files with javac [debug parameters release 21] to target/classes
[[1;34mINFO[m] -------------------------------------------------------------
[[1;31mERROR[m] COMPILATION ERROR : 
[[1;34mINFO[m] -------------------------------------------------------------
[[1;31mERROR[m] /home/ignacio/Documentos/lunaris-ansenuza/src/main/java/com/lunaris/ansenuza/infrastructure/whatsapp/WhatsAppService.java:[6,8] duplicate class: com.lunaris.ansenuza.infrastructure.whatsapp.WhatsAppService
[[1;31mERROR[m] /home/ignacio/Documentos/lunaris-ansenuza/src/main/java/com/lunaris/ansenuza/application/usecase/CreatePassengerUseCase.java:[17,40] cannot find symbol
  symbol:   method builder()
  location: class com.lunaris.ansenuza.domain.model.Passenger
[[1;31mERROR[m] /home/ignacio/Documentos/lunaris-ansenuza/src/main/java/com/lunaris/ansenuza/application/usecase/CreateReservationUseCase.java:[24,45] cannot find symbol
  symbol:   method builder()
  location: class com.lunaris.ansenuza.domain.model.Reservation
[[1;31mERROR[m] /home/ignacio/Documentos/lunaris-ansenuza/src/main/java/com/lunaris/ansenuza/application/usecase/GetDailyOperationSummaryUseCase.java:[29,34] cannot find symbol
  symbol:   method getPaymentVerified()
  location: variable r of type com.lunaris.ansenuza.domain.model.Reservation
[[1;31mERROR[m] /home/ignacio/Documentos/lunaris-ansenuza/src/main/java/com/lunaris/ansenuza/infrastructure/web/controller/AgendaViewController.java:[39,58] cannot find symbol
  symbol:   method getPaymentVerified()
  location: variable r of type com.lunaris.ansenuza.domain.model.Reservation
[[1;31mERROR[m] /home/ignacio/Documentos/lunaris-ansenuza/src/main/java/com/lunaris/ansenuza/infrastructure/web/controller/ReservationViewController.java:[41,48] cannot find symbol
  symbol:   method builder()
  location: class com.lunaris.ansenuza.domain.model.Passenger
[[1;31mERROR[m] /home/ignacio/Documentos/lunaris-ansenuza/src/main/java/com/lunaris/ansenuza/infrastructure/web/controller/ReservationViewController.java:[41,73] cannot find symbol
  symbol:   method getFirstName()
  location: variable form of type com.lunaris.ansenuza.infrastructure.web.dto.reservation.CreateReservationForm
[[1;31mERROR[m] /home/ignacio/Documentos/lunaris-ansenuza/src/main/java/com/lunaris/ansenuza/infrastructure/web/controller/ReservationViewController.java:[42,47] cannot find symbol
  symbol:   method getLastName()
  location: variable form of type com.lunaris.ansenuza.infrastructure.web.dto.reservation.CreateReservationForm
[[1;31mERROR[m] /home/ignacio/Documentos/lunaris-ansenuza/src/main/java/com/lunaris/ansenuza/infrastructure/web/controller/ReservationViewController.java:[42,73] cannot find symbol
  symbol:   method getPhone()
  location: variable form of type com.lunaris.ansenuza.infrastructure.web.dto.reservation.CreateReservationForm
[[1;31mERROR[m] /home/ignacio/Documentos/lunaris-ansenuza/src/main/java/com/lunaris/ansenuza/infrastructure/web/controller/ReservationViewController.java:[43,43] cannot find symbol
  symbol:   method getCuil()
  location: variable form of type com.lunaris.ansenuza.infrastructure.web.dto.reservation.CreateReservationForm
[[1;31mERROR[m] /home/ignacio/Documentos/lunaris-ansenuza/src/main/java/com/lunaris/ansenuza/infrastructure/web/controller/ReservationViewController.java:[47,54] cannot find symbol
  symbol:   method builder()
  location: class com.lunaris.ansenuza.domain.model.Reservation
[[1;31mERROR[m] /home/ignacio/Documentos/lunaris-ansenuza/src/main/java/com/lunaris/ansenuza/infrastructure/web/controller/ReservationViewController.java:[48,49] cannot find symbol
  symbol:   method getTravelDate()
  location: variable form of type com.lunaris.ansenuza.infrastructure.web.dto.reservation.CreateReservationForm
[[1;31mERROR[m] /home/ignacio/Documentos/lunaris-ansenuza/src/main/java/com/lunaris/ansenuza/infrastructure/web/controller/ReservationViewController.java:[49,53] cannot find symbol
  symbol:   method getPickupLocality()
  location: variable form of type com.lunaris.ansenuza.infrastructure.web.dto.reservation.CreateReservationForm
[[1;31mERROR[m] /home/ignacio/Documentos/lunaris-ansenuza/src/main/java/com/lunaris/ansenuza/infrastructure/web/controller/ReservationViewController.java:[50,52] cannot find symbol
  symbol:   method getPickupAddress()
  location: variable form of type com.lunaris.ansenuza.infrastructure.web.dto.reservation.CreateReservationForm
[[1;31mERROR[m] /home/ignacio/Documentos/lunaris-ansenuza/src/main/java/com/lunaris/ansenuza/infrastructure/web/controller/ReservationViewController.java:[51,50] cannot find symbol
  symbol:   method getDestination()
  location: variable form of type com.lunaris.ansenuza.infrastructure.web.dto.reservation.CreateReservationForm
[[1;31mERROR[m] /home/ignacio/Documentos/lunaris-ansenuza/src/main/java/com/lunaris/ansenuza/infrastructure/web/controller/ReservationViewController.java:[52,68] cannot find symbol
  symbol:   method getRoundTrip()
  location: variable form of type com.lunaris.ansenuza.infrastructure.web.dto.reservation.CreateReservationForm
[[1;31mERROR[m] /home/ignacio/Documentos/lunaris-ansenuza/src/main/java/com/lunaris/ansenuza/infrastructure/web/controller/ReservationViewController.java:[53,49] cannot find symbol
  symbol:   method getReturnDate()
  location: variable form of type com.lunaris.ansenuza.infrastructure.web.dto.reservation.CreateReservationForm
[[1;31mERROR[m] /home/ignacio/Documentos/lunaris-ansenuza/src/main/java/com/lunaris/ansenuza/infrastructure/web/controller/ReservationViewController.java:[54,74] cannot find symbol
  symbol:   method getPaymentVerified()
  location: variable form of type com.lunaris.ansenuza.infrastructure.web.dto.reservation.CreateReservationForm
[[1;31mERROR[m] /home/ignacio/Documentos/lunaris-ansenuza/src/main/java/com/lunaris/ansenuza/infrastructure/web/controller/ReservationViewController.java:[55,44] cannot find symbol
  symbol:   method getNotes()
  location: variable form of type com.lunaris.ansenuza.infrastructure.web.dto.reservation.CreateReservationForm
[[1;34mINFO[m] 19 errors 
[[1;34mINFO[m] -------------------------------------------------------------
[[1;34mINFO[m] [1m------------------------------------------------------------------------[m
[[1;34mINFO[m] [1;31mBUILD FAILURE[m
[[1;34mINFO[m] [1m------------------------------------------------------------------------[m
[[1;34mINFO[m] Total time:  5.613 s
[[1;34mINFO[m] Finished at: 2026-06-11T22:03:33-03:00
[[1;34mINFO[m] [1m------------------------------------------------------------------------[m
[[1;31mERROR[m] Failed to execute goal [32morg.apache.maven.plugins:maven-compiler-plugin:3.14.1:compile[m [1m(default-compile)[m on project [36mlunaris-ansenuza[m: [1;31mCompilation failure[m: Compilation failure: 
[[1;31mERROR[m] /home/ignacio/Documentos/lunaris-ansenuza/src/main/java/com/lunaris/ansenuza/infrastructure/whatsapp/WhatsAppService.java:[6,8] duplicate class: com.lunaris.ansenuza.infrastructure.whatsapp.WhatsAppService
[[1;31mERROR[m] /home/ignacio/Documentos/lunaris-ansenuza/src/main/java/com/lunaris/ansenuza/application/usecase/CreatePassengerUseCase.java:[17,40] cannot find symbol
[[1;31mERROR[m]   symbol:   method builder()
[[1;31mERROR[m]   location: class com.lunaris.ansenuza.domain.model.Passenger
[[1;31mERROR[m] /home/ignacio/Documentos/lunaris-ansenuza/src/main/java/com/lunaris/ansenuza/application/usecase/CreateReservationUseCase.java:[24,45] cannot find symbol
[[1;31mERROR[m]   symbol:   method builder()
[[1;31mERROR[m]   location: class com.lunaris.ansenuza.domain.model.Reservation
[[1;31mERROR[m] /home/ignacio/Documentos/lunaris-ansenuza/src/main/java/com/lunaris/ansenuza/application/usecase/GetDailyOperationSummaryUseCase.java:[29,34] cannot find symbol
[[1;31mERROR[m]   symbol:   method getPaymentVerified()
[[1;31mERROR[m]   location: variable r of type com.lunaris.ansenuza.domain.model.Reservation
[[1;31mERROR[m] /home/ignacio/Documentos/lunaris-ansenuza/src/main/java/com/lunaris/ansenuza/infrastructure/web/controller/AgendaViewController.java:[39,58] cannot find symbol
[[1;31mERROR[m]   symbol:   method getPaymentVerified()
[[1;31mERROR[m]   location: variable r of type com.lunaris.ansenuza.domain.model.Reservation
[[1;31mERROR[m] /home/ignacio/Documentos/lunaris-ansenuza/src/main/java/com/lunaris/ansenuza/infrastructure/web/controller/ReservationViewController.java:[41,48] cannot find symbol
[[1;31mERROR[m]   symbol:   method builder()
[[1;31mERROR[m]   location: class com.lunaris.ansenuza.domain.model.Passenger
[[1;31mERROR[m] /home/ignacio/Documentos/lunaris-ansenuza/src/main/java/com/lunaris/ansenuza/infrastructure/web/controller/ReservationViewController.java:[41,73] cannot find symbol
[[1;31mERROR[m]   symbol:   method getFirstName()
[[1;31mERROR[m]   location: variable form of type com.lunaris.ansenuza.infrastructure.web.dto.reservation.CreateReservationForm
[[1;31mERROR[m] /home/ignacio/Documentos/lunaris-ansenuza/src/main/java/com/lunaris/ansenuza/infrastructure/web/controller/ReservationViewController.java:[42,47] cannot find symbol
[[1;31mERROR[m]   symbol:   method getLastName()
[[1;31mERROR[m]   location: variable form of type com.lunaris.ansenuza.infrastructure.web.dto.reservation.CreateReservationForm
[[1;31mERROR[m] /home/ignacio/Documentos/lunaris-ansenuza/src/main/java/com/lunaris/ansenuza/infrastructure/web/controller/ReservationViewController.java:[42,73] cannot find symbol
[[1;31mERROR[m]   symbol:   method getPhone()
[[1;31mERROR[m]   location: variable form of type com.lunaris.ansenuza.infrastructure.web.dto.reservation.CreateReservationForm
[[1;31mERROR[m] /home/ignacio/Documentos/lunaris-ansenuza/src/main/java/com/lunaris/ansenuza/infrastructure/web/controller/ReservationViewController.java:[43,43] cannot find symbol
[[1;31mERROR[m]   symbol:   method getCuil()
[[1;31mERROR[m]   location: variable form of type com.lunaris.ansenuza.infrastructure.web.dto.reservation.CreateReservationForm
[[1;31mERROR[m] /home/ignacio/Documentos/lunaris-ansenuza/src/main/java/com/lunaris/ansenuza/infrastructure/web/controller/ReservationViewController.java:[47,54] cannot find symbol
[[1;31mERROR[m]   symbol:   method builder()
[[1;31mERROR[m]   location: class com.lunaris.ansenuza.domain.model.Reservation
[[1;31mERROR[m] /home/ignacio/Documentos/lunaris-ansenuza/src/main/java/com/lunaris/ansenuza/infrastructure/web/controller/ReservationViewController.java:[48,49] cannot find symbol
[[1;31mERROR[m]   symbol:   method getTravelDate()
[[1;31mERROR[m]   location: variable form of type com.lunaris.ansenuza.infrastructure.web.dto.reservation.CreateReservationForm
[[1;31mERROR[m] /home/ignacio/Documentos/lunaris-ansenuza/src/main/java/com/lunaris/ansenuza/infrastructure/web/controller/ReservationViewController.java:[49,53] cannot find symbol
[[1;31mERROR[m]   symbol:   method getPickupLocality()
[[1;31mERROR[m]   location: variable form of type com.lunaris.ansenuza.infrastructure.web.dto.reservation.CreateReservationForm
[[1;31mERROR[m] /home/ignacio/Documentos/lunaris-ansenuza/src/main/java/com/lunaris/ansenuza/infrastructure/web/controller/ReservationViewController.java:[50,52] cannot find symbol
[[1;31mERROR[m]   symbol:   method getPickupAddress()
[[1;31mERROR[m]   location: variable form of type com.lunaris.ansenuza.infrastructure.web.dto.reservation.CreateReservationForm
[[1;31mERROR[m] /home/ignacio/Documentos/lunaris-ansenuza/src/main/java/com/lunaris/ansenuza/infrastructure/web/controller/ReservationViewController.java:[51,50] cannot find symbol
[[1;31mERROR[m]   symbol:   method getDestination()
[[1;31mERROR[m]   location: variable form of type com.lunaris.ansenuza.infrastructure.web.dto.reservation.CreateReservationForm
[[1;31mERROR[m] /home/ignacio/Documentos/lunaris-ansenuza/src/main/java/com/lunaris/ansenuza/infrastructure/web/controller/ReservationViewController.java:[52,68] cannot find symbol
[[1;31mERROR[m]   symbol:   method getRoundTrip()
[[1;31mERROR[m]   location: variable form of type com.lunaris.ansenuza.infrastructure.web.dto.reservation.CreateReservationForm
[[1;31mERROR[m] /home/ignacio/Documentos/lunaris-ansenuza/src/main/java/com/lunaris/ansenuza/infrastructure/web/controller/ReservationViewController.java:[53,49] cannot find symbol
[[1;31mERROR[m]   symbol:   method getReturnDate()
[[1;31mERROR[m]   location: variable form of type com.lunaris.ansenuza.infrastructure.web.dto.reservation.CreateReservationForm
[[1;31mERROR[m] /home/ignacio/Documentos/lunaris-ansenuza/src/main/java/com/lunaris/ansenuza/infrastructure/web/controller/ReservationViewController.java:[54,74] cannot find symbol
[[1;31mERROR[m]   symbol:   method getPaymentVerified()
[[1;31mERROR[m]   location: variable form of type com.lunaris.ansenuza.infrastructure.web.dto.reservation.CreateReservationForm
[[1;31mERROR[m] /home/ignacio/Documentos/lunaris-ansenuza/src/main/java/com/lunaris/ansenuza/infrastructure/web/controller/ReservationViewController.java:[55,44] cannot find symbol
[[1;31mERROR[m]   symbol:   method getNotes()
[[1;31mERROR[m]   location: variable form of type com.lunaris.ansenuza.infrastructure.web.dto.reservation.CreateReservationForm
[[1;31mERROR[m] -> [1m[Help 1][m
[[1;31mERROR[m] 
[[1;31mERROR[m] To see the full stack trace of the errors, re-run Maven with the [1m-e[m switch.
[[1;31mERROR[m] Re-run Maven using the [1m-X[m switch to enable full debug logging.
[[1;31mERROR[m] 
[[1;31mERROR[m] For more information about the errors and possible solutions, please read the following articles:
[[1;31mERROR[m] [1m[Help 1][m http://cwiki.apache.org/confluence/display/MAVEN/MojoFailureException
